0 info it worked if it ends with ok
1 verbose cli [ '/home/marcio/n/bin/node', '/home/marcio/n/bin/npm', 'start' ]
2 info using npm@3.10.7
3 info using node@v6.2.1
4 verbose run-script [ 'prestart', 'start', 'poststart' ]
5 info lifecycle react-native-java@0.1.0~prestart: react-native-java@0.1.0
6 silly lifecycle react-native-java@0.1.0~prestart: no script for prestart, continuing
7 info lifecycle react-native-java@0.1.0~start: react-native-java@0.1.0
8 verbose lifecycle react-native-java@0.1.0~start: unsafe-perm in lifecycle true
9 verbose lifecycle react-native-java@0.1.0~start: PATH: /home/marcio/n/lib/node_modules/npm/bin/node-gyp-bin:/home/marcio/workspace/javascript/react-native-java/node_modules/.bin:/home/marcio/.rvm/gems/ruby-2.1.6/bin:/home/marcio/.rvm/gems/ruby-2.1.6/bin:/home/marcio/.rvm/rubies/ruby-2.1.6/bin:/usr/local/bin:/usr/local/sbin:/usr/bin:/usr/lib/jvm/default/bin:/usr/bin/site_perl:/usr/bin/vendor_perl:/usr/bin/core_perl:/usr/local/sbin:/usr/local/bin:/usr/bin:/usr/lib/jvm/default/bin:/usr/bin/site_perl:/usr/bin/vendor_perl:/usr/bin/core_perl:/home/marcio/.yadr/bin:/home/marcio/.yadr/bin/yadr:/home/marcio/.rvm/bin:/home/marcio/bin:/home/marcio/n/bin
10 verbose lifecycle react-native-java@0.1.0~start: CWD: /home/marcio/workspace/javascript/react-native-java
11 silly lifecycle react-native-java@0.1.0~start: Args: [ '-c', 'jjs dist/bundle.js' ]
12 silly lifecycle react-native-java@0.1.0~start: Returned: code: 102  signal: null
13 info lifecycle react-native-java@0.1.0~start: Failed to exec start script
14 verbose stack Error: react-native-java@0.1.0 start: `jjs dist/bundle.js`
14 verbose stack Exit status 102
14 verbose stack     at EventEmitter.<anonymous> (/home/marcio/n/lib/node_modules/npm/lib/utils/lifecycle.js:255:16)
14 verbose stack     at emitTwo (events.js:106:13)
14 verbose stack     at EventEmitter.emit (events.js:191:7)
14 verbose stack     at ChildProcess.<anonymous> (/home/marcio/n/lib/node_modules/npm/lib/utils/spawn.js:40:14)
14 verbose stack     at emitTwo (events.js:106:13)
14 verbose stack     at ChildProcess.emit (events.js:191:7)
14 verbose stack     at maybeClose (internal/child_process.js:852:16)
14 verbose stack     at Process.ChildProcess._handle.onexit (internal/child_process.js:215:5)
15 verbose pkgid react-native-java@0.1.0
16 verbose cwd /home/marcio/workspace/javascript/react-native-java
17 error Linux 4.7.2-1-MANJARO
18 error argv "/home/marcio/n/bin/node" "/home/marcio/n/bin/npm" "start"
19 error node v6.2.1
20 error npm  v3.10.7
21 error code ELIFECYCLE
22 error react-native-java@0.1.0 start: `jjs dist/bundle.js`
22 error Exit status 102
23 error Failed at the react-native-java@0.1.0 start script 'jjs dist/bundle.js'.
23 error Make sure you have the latest version of node.js and npm installed.
23 error If you do, this is most likely a problem with the react-native-java package,
23 error not with npm itself.
23 error Tell the author that this fails on your system:
23 error     jjs dist/bundle.js
23 error You can get information on how to open an issue for this project with:
23 error     npm bugs react-native-java
23 error Or if that isn't available, you can get their info via:
23 error     npm owner ls react-native-java
23 error There is likely additional logging output above.
24 verbose exit [ 1, true ]
